<?xml version="1.0" encoding="UTF-8"?>
<testsuite name="demo.ApplicationTests" time="0.005" tests="1" errors="0" skipped="0" failures="0">
  <properties>
    <property name="java.runtime.name" value="Java(TM) SE Runtime Environment"/>
    <property name="sun.boot.library.path" value="D:\Development\jdk1.8.0_40\jre\bin"/>
    <property name="java.vm.version" value="25.40-b25"/>
    <property name="java.vm.vendor" value="Oracle Corporation"/>
    <property name="maven.multiModuleProjectDirectory" value="D:\Cloud_training\boot-solution"/>
    <property name="java.vendor.url" value="http://java.oracle.com/"/>
    <property name="path.separator" value=";"/>
    <property name="guice.disable.misplaced.annotation.check" value="true"/>
    <property name="java.vm.name" value="Java HotSpot(TM) 64-Bit Server VM"/>
    <property name="file.encoding.pkg" value="sun.io"/>
    <property name="user.script" value=""/>
    <property name="user.country" value="US"/>
    <property name="sun.java.launcher" value="SUN_STANDARD"/>
    <property name="sun.os.patch.level" value="Service Pack 1"/>
    <property name="java.vm.specification.name" value="Java Virtual Machine Specification"/>
    <property name="user.dir" value="D:\Cloud_training\boot-solution"/>
    <property name="java.runtime.version" value="1.8.0_40-b26"/>
    <property name="java.awt.graphicsenv" value="sun.awt.Win32GraphicsEnvironment"/>
    <property name="java.endorsed.dirs" value="D:\Development\jdk1.8.0_40\jre\lib\endorsed"/>
    <property name="os.arch" value="amd64"/>
    <property name="java.io.tmpdir" value="C:\Users\ARN7SKM\AppData\Local\Temp\"/>
    <property name="line.separator" value="&#10;"/>
    <property name="java.vm.specification.vendor" value="Oracle Corporation"/>
    <property name="user.variant" value=""/>
    <property name="os.name" value="Windows 7"/>
    <property name="classworlds.conf" value="D:\Cloud_training\.metadata\.plugins\org.eclipse.m2e.launching\launches\m2conf3481299585552995241.tmp"/>
    <property name="sun.jnu.encoding" value="Cp1252"/>
    <property name="java.library.path" value="D:\Development\jdk1.8.0_40\bin;C:\WINDOWS\Sun\Java\bin;C:\WINDOWS\system32;C:\WINDOWS;D:/Java/bin/server;D:/Java/bin;D:/Java/lib/amd64;C:\ProgramData\Oracle\Java\javapath;C:\WINDOWS\system32;C:\WINDOWS;C:\WINDOWS\System32\Wbem;C:\WINDOWS\System32\WindowsPowerShell\v1.0\;C:\Program Files\Intel\WiFi\bin\;C:\Program Files\Common Files\Intel\WirelessCommon\;D:\Maven\bin;C:\Program Files (x86)\MySQL\MySQL Fabric 1.5.2 &amp; MySQL Utilities 1.5.2 1.5\;C:\Program Files (x86)\MySQL\MySQL Fabric 1.5.2 &amp; MySQL Utilities 1.5.2 1.5\Doctrine extensions for PHP\;D:\Development\ZBM\jdk1.8.0_66\bin;C:\Program Files\nodejs\;C:\Users\ARN7SKM\AppData\Roaming\npm;C:\Program Files\Cloud Foundry;C:\Program Files\Git\cmd;C:\Program Files\Git\bin;C:\Program Files (x86)\Skype\Phone\;C:\WINDOWS\System32\WindowsPowerShell\v1.0\;C:\Program Files (x86)\PuTTY\;C:\Users\ARN7SKM\AppData\Roaming\npm;D:\Wariokupa\Curl\src;C:\Program Files\Oracle\VirtualBox;D:\Wario_kupa\spring-tool-suite-3.8.1.RELEASE-e4.6-win32-x86_64\sts-bundle\sts-3.8.1.RELEASE;;."/>
    <property name="java.specification.name" value="Java Platform API Specification"/>
    <property name="java.class.version" value="52.0"/>
    <property name="sun.management.compiler" value="HotSpot 64-Bit Tiered Compilers"/>
    <property name="os.version" value="6.1"/>
    <property name="user.home" value="C:\Users\ARN7SKM"/>
    <property name="user.timezone" value="Asia/Calcutta"/>
    <property name="java.awt.printerjob" value="sun.awt.windows.WPrinterJob"/>
    <property name="java.specification.version" value="1.8"/>
    <property name="file.encoding" value="Cp1252"/>
    <property name="user.name" value="ARN7SKM"/>
    <property name="java.class.path" value="/D:/Wario_kupa/spring-tool-suite-3.8.1.RELEASE-e4.6-win32-x86_64/sts-bundle/sts-3.8.1.RELEASE/plugins/org.eclipse.m2e.maven.runtime_1.7.0.20160603-1931/jars/plexus-classworlds-2.5.2.jar"/>
    <property name="java.vm.specification.version" value="1.8"/>
    <property name="sun.arch.data.model" value="64"/>
    <property name="java.home" value="D:\Development\jdk1.8.0_40\jre"/>
    <property name="sun.java.command" value="org.codehaus.plexus.classworlds.launcher.Launcher -B install"/>
    <property name="java.specification.vendor" value="Oracle Corporation"/>
    <property name="user.language" value="en"/>
    <property name="awt.toolkit" value="sun.awt.windows.WToolkit"/>
    <property name="java.vm.info" value="mixed mode"/>
    <property name="java.version" value="1.8.0_40"/>
    <property name="java.ext.dirs" value="D:\Development\jdk1.8.0_40\jre\lib\ext;C:\WINDOWS\Sun\Java\lib\ext"/>
    <property name="sun.boot.class.path" value="D:\Development\jdk1.8.0_40\jre\lib\resources.jar;D:\Development\jdk1.8.0_40\jre\lib\rt.jar;D:\Development\jdk1.8.0_40\jre\lib\sunrsasign.jar;D:\Development\jdk1.8.0_40\jre\lib\jsse.jar;D:\Development\jdk1.8.0_40\jre\lib\jce.jar;D:\Development\jdk1.8.0_40\jre\lib\charsets.jar;D:\Development\jdk1.8.0_40\jre\lib\jfr.jar;D:\Development\jdk1.8.0_40\jre\classes"/>
    <property name="java.vendor" value="Oracle Corporation"/>
    <property name="maven.home" value="D:\Cloud_training\boot-solution\EMBEDDED"/>
    <property name="file.separator" value="\"/>
    <property name="java.vendor.url.bug" value="http://bugreport.sun.com/bugreport/"/>
    <property name="sun.cpu.endian" value="little"/>
    <property name="sun.io.unicode.encoding" value="UnicodeLittle"/>
    <property name="sun.desktop" value="windows"/>
    <property name="sun.cpu.isalist" value="amd64"/>
  </properties>
  <testcase name="contextLoads" classname="demo.ApplicationTests" time="0.005"/>
</testsuite>